  ImageFX.cpp
D:\Cloud\HdM\WS20 - Semester 3\Programming Massively Parallel Processors (113544a)\pmpp_abgabe_ws20\ImageFX\ImageFX\ImageFX.h(163,24): warning C4018: '<': signed/unsigned mismatch
D:\Cloud\HdM\WS20 - Semester 3\Programming Massively Parallel Processors (113544a)\pmpp_abgabe_ws20\ImageFX\ImageFX\ImageFX.h(212,32): warning C4018: '<': signed/unsigned mismatch
D:\Cloud\HdM\WS20 - Semester 3\Programming Massively Parallel Processors (113544a)\pmpp_abgabe_ws20\ImageFX\ImageFX\ImageFX.h(246,32): warning C4018: '<': signed/unsigned mismatch
D:\Cloud\HdM\WS20 - Semester 3\Programming Massively Parallel Processors (113544a)\pmpp_abgabe_ws20\ImageFX\ImageFX\ImageFX.cpp(121,33): warning C4838: conversion from 'int' to 'size_t' requires a narrowing conversion
D:\Cloud\HdM\WS20 - Semester 3\Programming Massively Parallel Processors (113544a)\pmpp_abgabe_ws20\ImageFX\ImageFX\ImageFX.cpp(121,43): warning C4838: conversion from 'int' to 'size_t' requires a narrowing conversion
D:\Cloud\HdM\WS20 - Semester 3\Programming Massively Parallel Processors (113544a)\pmpp_abgabe_ws20\ImageFX\ImageFX\ImageFX.cpp(147,33): warning C4838: conversion from 'int' to 'size_t' requires a narrowing conversion
D:\Cloud\HdM\WS20 - Semester 3\Programming Massively Parallel Processors (113544a)\pmpp_abgabe_ws20\ImageFX\ImageFX\ImageFX.cpp(147,43): warning C4838: conversion from 'int' to 'size_t' requires a narrowing conversion
D:\Cloud\HdM\WS20 - Semester 3\Programming Massively Parallel Processors (113544a)\pmpp_abgabe_ws20\ImageFX\ImageFX\ImageFX.cpp(166,33): warning C4838: conversion from 'int' to 'size_t' requires a narrowing conversion
D:\Cloud\HdM\WS20 - Semester 3\Programming Massively Parallel Processors (113544a)\pmpp_abgabe_ws20\ImageFX\ImageFX\ImageFX.cpp(166,43): warning C4838: conversion from 'int' to 'size_t' requires a narrowing conversion
D:\Cloud\HdM\WS20 - Semester 3\Programming Massively Parallel Processors (113544a)\pmpp_abgabe_ws20\ImageFX\ImageFX\ImageFX.cpp(181,33): warning C4838: conversion from 'int' to 'size_t' requires a narrowing conversion
D:\Cloud\HdM\WS20 - Semester 3\Programming Massively Parallel Processors (113544a)\pmpp_abgabe_ws20\ImageFX\ImageFX\ImageFX.cpp(181,43): warning C4838: conversion from 'int' to 'size_t' requires a narrowing conversion
D:\Cloud\HdM\WS20 - Semester 3\Programming Massively Parallel Processors (113544a)\pmpp_abgabe_ws20\ImageFX\ImageFX\ImageFX.cpp(196,33): warning C4838: conversion from 'int' to 'size_t' requires a narrowing conversion
D:\Cloud\HdM\WS20 - Semester 3\Programming Massively Parallel Processors (113544a)\pmpp_abgabe_ws20\ImageFX\ImageFX\ImageFX.cpp(196,43): warning C4838: conversion from 'int' to 'size_t' requires a narrowing conversion
D:\Cloud\HdM\WS20 - Semester 3\Programming Massively Parallel Processors (113544a)\pmpp_abgabe_ws20\ImageFX\ImageFX\ImageFX.cpp(211,33): warning C4838: conversion from 'int' to 'size_t' requires a narrowing conversion
D:\Cloud\HdM\WS20 - Semester 3\Programming Massively Parallel Processors (113544a)\pmpp_abgabe_ws20\ImageFX\ImageFX\ImageFX.cpp(211,43): warning C4838: conversion from 'int' to 'size_t' requires a narrowing conversion
D:\Cloud\HdM\WS20 - Semester 3\Programming Massively Parallel Processors (113544a)\pmpp_abgabe_ws20\ImageFX\ImageFX\ImageFX.cpp(227,33): warning C4838: conversion from 'int' to 'size_t' requires a narrowing conversion
D:\Cloud\HdM\WS20 - Semester 3\Programming Massively Parallel Processors (113544a)\pmpp_abgabe_ws20\ImageFX\ImageFX\ImageFX.cpp(227,43): warning C4838: conversion from 'int' to 'size_t' requires a narrowing conversion
ImageFX.obj : warning LNK4075: ignoring '/EDITANDCONTINUE' due to '/INCREMENTAL:NO' specification
  ImageFX.vcxproj -> D:\Cloud\HdM\WS20 - Semester 3\Programming Massively Parallel Processors (113544a)\pmpp_abgabe_ws20\ImageFX\Debug\ImageFX.exe
